2019-03-22 09:10:58,523 [main] INFO  com.oscroll.Application 50 - Starting Application on DESKTOP-06IJ82U with PID 11944 (E:\project\archetype-springboot\target\classes started by gloria in E:\project\archetype-springboot)
2019-03-22 09:10:58,523 [main] INFO  com.oscroll.Application 659 - No active profile set, falling back to default profiles: default
2019-03-22 09:10:58,554 [main] INFO  o.s.b.w.s.c.AnnotationConfigServletWebServerApplicationContext 590 - Refreshing org.springframework.boot.web.servlet.context.AnnotationConfigServletWebServerApplicationContext@183e8023: startup date [Fri Mar 22 09:10:58 CST 2019]; root of context hierarchy
2019-03-22 09:10:59,507 [main] INFO  o.s.c.s.PostProcessorRegistrationDelegate$BeanPostProcessorChecker 328 - Bean 'org.springframework.transaction.annotation.ProxyTransactionManagementConfiguration' of type [org.springframework.transaction.annotation.ProxyTransactionManagementConfiguration$$EnhancerBySpringCGLIB$$7e83cb34] is not eligible for getting processed by all BeanPostProcessors (for example: not eligible for auto-proxying)
2019-03-22 09:10:59,726 [main] INFO  o.s.b.w.e.tomcat.TomcatWebServer 91 - Tomcat initialized with port(s): 8080 (http)
2019-03-22 09:10:59,726 [main] INFO  o.a.coyote.http11.Http11NioProtocol 180 - Initializing ProtocolHandler ["http-nio-8080"]
2019-03-22 09:10:59,741 [main] INFO  o.a.catalina.core.StandardService 180 - Starting service [Tomcat]
2019-03-22 09:10:59,741 [main] INFO  o.a.catalina.core.StandardEngine 180 - Starting Servlet Engine: Apache Tomcat/8.5.31
2019-03-22 09:10:59,741 [localhost-startStop-1] INFO  o.a.c.core.AprLifecycleListener 180 - The APR based Apache Tomcat Native library which allows optimal performance in production environments was not found on the java.library.path: [F:\Java\jdk-11.0.2\bin;C:\Windows\Sun\Java\bin;C:\Windows\system32;C:\Windows;C:\Windows\system32;C:\Windows;C:\Windows\System32\Wbem;C:\Windows\System32\WindowsPowerShell\v1.0\;C:\Windows\System32\OpenSSH\;F:\Git\cmd;F:\mysql-8.0.15-winx64\bin;C:\Users\gloria\AppData\Local\Microsoft\WindowsApps;F:\JetBrains\IntelliJ IDEA 2018.3.5\bin;;F:\Java\jdk-11.0.2\bin;F:\Java\jdk-11.0.2\jre\bin;;.]
2019-03-22 09:10:59,835 [localhost-startStop-1] INFO  o.a.c.c.C.[Tomcat].[localhost].[/] 180 - Initializing Spring embedded WebApplicationContext
2019-03-22 09:10:59,835 [localhost-startStop-1] INFO  o.s.web.context.ContextLoader 285 - Root WebApplicationContext: initialization completed in 1281 ms
2019-03-22 09:11:00,132 [localhost-startStop-1] INFO  o.s.b.w.s.ServletRegistrationBean 186 - Servlet dispatcherServlet mapped to [/]
2019-03-22 09:11:00,132 [localhost-startStop-1] INFO  o.s.b.w.s.FilterRegistrationBean 245 - Mapping filter: 'characterEncodingFilter' to: [/*]
2019-03-22 09:11:00,132 [localhost-startStop-1] INFO  o.s.b.w.s.FilterRegistrationBean 245 - Mapping filter: 'hiddenHttpMethodFilter' to: [/*]
2019-03-22 09:11:00,132 [localhost-startStop-1] INFO  o.s.b.w.s.FilterRegistrationBean 245 - Mapping filter: 'httpPutFormContentFilter' to: [/*]
2019-03-22 09:11:00,132 [localhost-startStop-1] INFO  o.s.b.w.s.FilterRegistrationBean 245 - Mapping filter: 'requestContextFilter' to: [/*]
2019-03-22 09:11:00,132 [localhost-startStop-1] INFO  o.s.b.w.s.FilterRegistrationBean 245 - Mapping filter: 'httpTraceFilter' to: [/*]
2019-03-22 09:11:00,132 [localhost-startStop-1] INFO  o.s.b.w.s.FilterRegistrationBean 245 - Mapping filter: 'webMvcMetricsFilter' to: [/*]
2019-03-22 09:11:00,475 [main] INFO  o.s.w.s.m.m.a.RequestMappingHandlerMapping 547 - Mapped "{[/find],methods=[GET]}" onto public java.util.List<com.oscroll.entity.DemoEntity> com.oscroll.controller.DemoController.findAll()
2019-03-22 09:11:00,475 [main] INFO  o.s.w.s.m.m.a.RequestMappingHandlerMapping 547 - Mapped "{[/long-process]}" onto public java.lang.String com.oscroll.controller.LongProcessController.pause() throws java.lang.InterruptedException
2019-03-22 09:11:00,475 [main] INFO  o.s.w.s.m.m.a.RequestMappingHandlerMapping 547 - Mapped "{[/swagger-resources/configuration/security]}" onto public org.springframework.http.ResponseEntity<springfox.documentation.swagger.web.SecurityConfiguration> springfox.documentation.swagger.web.ApiResourceController.securityConfiguration()
2019-03-22 09:11:00,475 [main] INFO  o.s.w.s.m.m.a.RequestMappingHandlerMapping 547 - Mapped "{[/swagger-resources]}" onto public org.springframework.http.ResponseEntity<java.util.List<springfox.documentation.swagger.web.SwaggerResource>> springfox.documentation.swagger.web.ApiResourceController.swaggerResources()
2019-03-22 09:11:00,475 [main] INFO  o.s.w.s.m.m.a.RequestMappingHandlerMapping 547 - Mapped "{[/swagger-resources/configuration/ui]}" onto public org.springframework.http.ResponseEntity<springfox.documentation.swagger.web.UiConfiguration> springfox.documentation.swagger.web.ApiResourceController.uiConfiguration()
2019-03-22 09:11:00,475 [main] INFO  o.s.w.s.m.m.a.RequestMappingHandlerMapping 547 - Mapped "{[/error]}" onto public org.springframework.http.ResponseEntity<java.util.Map<java.lang.String, java.lang.Object>> org.springframework.boot.autoconfigure.web.servlet.error.BasicErrorController.error(javax.servlet.http.HttpServletRequest)
2019-03-22 09:11:00,475 [main] INFO  o.s.w.s.m.m.a.RequestMappingHandlerMapping 547 - Mapped "{[/error],produces=[text/html]}" onto public org.springframework.web.servlet.ModelAndView org.springframework.boot.autoconfigure.web.servlet.error.BasicErrorController.errorHtml(javax.servlet.http.HttpServletRequest,javax.servlet.http.HttpServletResponse)
2019-03-22 09:11:00,538 [main] INFO  s.d.s.w.PropertySourcedRequestMappingHandlerMapping 69 - Mapped URL path [/v2/api-docs] onto method [public org.springframework.http.ResponseEntity<springfox.documentation.spring.web.json.Json> springfox.documentation.swagger2.web.Swagger2Controller.getDocumentation(java.lang.String,javax.servlet.http.HttpServletRequest)]
2019-03-22 09:11:00,585 [main] INFO  o.s.w.s.h.SimpleUrlHandlerMapping 373 - Mapped URL path [/**/favicon.ico] onto handler of type [class org.springframework.web.servlet.resource.ResourceHttpRequestHandler]
2019-03-22 09:11:00,663 [main] INFO  o.s.w.s.m.m.a.RequestMappingHandlerAdapter 574 - Looking for @ControllerAdvice: org.springframework.boot.web.servlet.context.AnnotationConfigServletWebServerApplicationContext@183e8023: startup date [Fri Mar 22 09:10:58 CST 2019]; root of context hierarchy
2019-03-22 09:11:00,694 [main] INFO  o.s.w.s.h.SimpleUrlHandlerMapping 373 - Mapped URL path [/webjars/**] onto handler of type [class org.springframework.web.servlet.resource.ResourceHttpRequestHandler]
2019-03-22 09:11:00,694 [main] INFO  o.s.w.s.h.SimpleUrlHandlerMapping 373 - Mapped URL path [/**] onto handler of type [class org.springframework.web.servlet.resource.ResourceHttpRequestHandler]
2019-03-22 09:11:01,053 [main] INFO  o.s.j.e.a.AnnotationMBeanExporter 433 - Registering beans for JMX exposure on startup
2019-03-22 09:11:01,069 [main] INFO  o.s.j.e.a.AnnotationMBeanExporter 895 - Bean with name 'dataSource' has been autodetected for JMX exposure
2019-03-22 09:11:01,069 [main] INFO  o.s.j.e.a.AnnotationMBeanExporter 668 - Located MBean 'dataSource': registering with JMX server as MBean [com.zaxxer.hikari:name=dataSource,type=HikariDataSource]
2019-03-22 09:11:01,069 [main] INFO  o.s.b.w.s.c.AnnotationConfigServletWebServerApplicationContext 590 - Refreshing org.springframework.boot.web.servlet.context.AnnotationConfigServletWebServerApplicationContext@5aa7cfdf: startup date [Fri Mar 22 09:11:01 CST 2019]; parent: org.springframework.boot.web.servlet.context.AnnotationConfigServletWebServerApplicationContext@183e8023
2019-03-22 09:11:01,085 [main] INFO  o.s.b.f.s.DefaultListableBeanFactory 824 - Overriding bean definition for bean 'handlerExceptionResolver' with a different definition: replacing [Root bean: class [null]; scope=; abstract=false; lazyInit=false; autowireMode=3; dependencyCheck=0; autowireCandidate=true; primary=false; factoryBeanName=org.springframework.web.servlet.config.annotation.DelegatingWebMvcConfiguration; factoryMethodName=handlerExceptionResolver; initMethodName=null; destroyMethodName=(inferred); defined in class path resource [org/springframework/web/servlet/config/annotation/DelegatingWebMvcConfiguration.class]] with [Root bean: class [null]; scope=; abstract=false; lazyInit=false; autowireMode=3; dependencyCheck=0; autowireCandidate=true; primary=false; factoryBeanName=org.springframework.boot.actuate.autoconfigure.web.servlet.WebMvcEndpointChildContextConfiguration; factoryMethodName=compositeHandlerExceptionResolver; initMethodName=null; destroyMethodName=(inferred); defined in class path resource [org/springframework/boot/actuate/autoconfigure/web/servlet/WebMvcEndpointChildContextConfiguration.class]]
2019-03-22 09:11:01,131 [main] INFO  o.s.b.w.e.tomcat.TomcatWebServer 91 - Tomcat initialized with port(s): 10212 (http)
2019-03-22 09:11:01,131 [main] INFO  o.a.coyote.http11.Http11NioProtocol 180 - Initializing ProtocolHandler ["http-nio-10212"]
2019-03-22 09:11:01,131 [main] INFO  o.a.catalina.core.StandardService 180 - Starting service [Tomcat]
2019-03-22 09:11:01,131 [main] INFO  o.a.catalina.core.StandardEngine 180 - Starting Servlet Engine: Apache Tomcat/8.5.31
2019-03-22 09:11:01,147 [localhost-startStop-1] INFO  o.a.c.c.C.[Tomcat-1].[localhost].[/] 180 - Initializing Spring embedded WebApplicationContext
2019-03-22 09:11:01,147 [localhost-startStop-1] INFO  o.s.web.context.ContextLoader 285 - Root WebApplicationContext: initialization completed in 78 ms
2019-03-22 09:11:01,163 [localhost-startStop-1] INFO  o.s.b.w.s.ServletRegistrationBean 186 - Servlet dispatcherServlet mapped to [/]
2019-03-22 09:11:01,178 [main] INFO  o.s.b.a.e.web.EndpointLinksResolver 59 - Exposing 15 endpoint(s) beneath base path '/actuator'
2019-03-22 09:11:01,178 [main] INFO  o.s.b.a.e.w.s.WebMvcEndpointHandlerMapping 547 - Mapped "{[/actuator/auditevents],methods=[GET],produces=[application/vnd.spring-boot.actuator.v2+json || application/json]}" onto public java.lang.Object org.springframework.boot.actuate.endpoint.web.servlet.AbstractWebMvcEndpointHandlerMapping$OperationHandler.handle(javax.servlet.http.HttpServletRequest,java.util.Map<java.lang.String, java.lang.String>)
2019-03-22 09:11:01,178 [main] INFO  o.s.b.a.e.w.s.WebMvcEndpointHandlerMapping 547 - Mapped "{[/actuator/beans],methods=[GET],produces=[application/vnd.spring-boot.actuator.v2+json || application/json]}" onto public java.lang.Object org.springframework.boot.actuate.endpoint.web.servlet.AbstractWebMvcEndpointHandlerMapping$OperationHandler.handle(javax.servlet.http.HttpServletRequest,java.util.Map<java.lang.String, java.lang.String>)
2019-03-22 09:11:01,178 [main] INFO  o.s.b.a.e.w.s.WebMvcEndpointHandlerMapping 547 - Mapped "{[/actuator/health],methods=[GET],produces=[application/vnd.spring-boot.actuator.v2+json || application/json]}" onto public java.lang.Object org.springframework.boot.actuate.endpoint.web.servlet.AbstractWebMvcEndpointHandlerMapping$OperationHandler.handle(javax.servlet.http.HttpServletRequest,java.util.Map<java.lang.String, java.lang.String>)
2019-03-22 09:11:01,178 [main] INFO  o.s.b.a.e.w.s.WebMvcEndpointHandlerMapping 547 - Mapped "{[/actuator/conditions],methods=[GET],produces=[application/vnd.spring-boot.actuator.v2+json || application/json]}" onto public java.lang.Object org.springframework.boot.actuate.endpoint.web.servlet.AbstractWebMvcEndpointHandlerMapping$OperationHandler.handle(javax.servlet.http.HttpServletRequest,java.util.Map<java.lang.String, java.lang.String>)
2019-03-22 09:11:01,178 [main] INFO  o.s.b.a.e.w.s.WebMvcEndpointHandlerMapping 547 - Mapped "{[/actuator/shutdown],methods=[POST],produces=[application/vnd.spring-boot.actuator.v2+json || application/json]}" onto public java.lang.Object org.springframework.boot.actuate.endpoint.web.servlet.AbstractWebMvcEndpointHandlerMapping$OperationHandler.handle(javax.servlet.http.HttpServletRequest,java.util.Map<java.lang.String, java.lang.String>)
2019-03-22 09:11:01,178 [main] INFO  o.s.b.a.e.w.s.WebMvcEndpointHandlerMapping 547 - Mapped "{[/actuator/configprops],methods=[GET],produces=[application/vnd.spring-boot.actuator.v2+json || application/json]}" onto public java.lang.Object org.springframework.boot.actuate.endpoint.web.servlet.AbstractWebMvcEndpointHandlerMapping$OperationHandler.handle(javax.servlet.http.HttpServletRequest,java.util.Map<java.lang.String, java.lang.String>)
2019-03-22 09:11:01,178 [main] INFO  o.s.b.a.e.w.s.WebMvcEndpointHandlerMapping 547 - Mapped "{[/actuator/env],methods=[GET],produces=[application/vnd.spring-boot.actuator.v2+json || application/json]}" onto public java.lang.Object org.springframework.boot.actuate.endpoint.web.servlet.AbstractWebMvcEndpointHandlerMapping$OperationHandler.handle(javax.servlet.http.HttpServletRequest,java.util.Map<java.lang.String, java.lang.String>)
2019-03-22 09:11:01,178 [main] INFO  o.s.b.a.e.w.s.WebMvcEndpointHandlerMapping 547 - Mapped "{[/actuator/env/{toMatch}],methods=[GET],produces=[application/vnd.spring-boot.actuator.v2+json || application/json]}" onto public java.lang.Object org.springframework.boot.actuate.endpoint.web.servlet.AbstractWebMvcEndpointHandlerMapping$OperationHandler.handle(javax.servlet.http.HttpServletRequest,java.util.Map<java.lang.String, java.lang.String>)
2019-03-22 09:11:01,178 [main] INFO  o.s.b.a.e.w.s.WebMvcEndpointHandlerMapping 547 - Mapped "{[/actuator/info],methods=[GET],produces=[application/vnd.spring-boot.actuator.v2+json || application/json]}" onto public java.lang.Object org.springframework.boot.actuate.endpoint.web.servlet.AbstractWebMvcEndpointHandlerMapping$OperationHandler.handle(javax.servlet.http.HttpServletRequest,java.util.Map<java.lang.String, java.lang.String>)
2019-03-22 09:11:01,178 [main] INFO  o.s.b.a.e.w.s.WebMvcEndpointHandlerMapping 547 - Mapped "{[/actuator/loggers],methods=[GET],produces=[application/vnd.spring-boot.actuator.v2+json || application/json]}" onto public java.lang.Object org.springframework.boot.actuate.endpoint.web.servlet.AbstractWebMvcEndpointHandlerMapping$OperationHandler.handle(javax.servlet.http.HttpServletRequest,java.util.Map<java.lang.String, java.lang.String>)
2019-03-22 09:11:01,178 [main] INFO  o.s.b.a.e.w.s.WebMvcEndpointHandlerMapping 547 - Mapped "{[/actuator/loggers/{name}],methods=[POST],consumes=[application/vnd.spring-boot.actuator.v2+json || application/json]}" onto public java.lang.Object org.springframework.boot.actuate.endpoint.web.servlet.AbstractWebMvcEndpointHandlerMapping$OperationHandler.handle(javax.servlet.http.HttpServletRequest,java.util.Map<java.lang.String, java.lang.String>)
2019-03-22 09:11:01,178 [main] INFO  o.s.b.a.e.w.s.WebMvcEndpointHandlerMapping 547 - Mapped "{[/actuator/loggers/{name}],methods=[GET],produces=[application/vnd.spring-boot.actuator.v2+json || application/json]}" onto public java.lang.Object org.springframework.boot.actuate.endpoint.web.servlet.AbstractWebMvcEndpointHandlerMapping$OperationHandler.handle(javax.servlet.http.HttpServletRequest,java.util.Map<java.lang.String, java.lang.String>)
2019-03-22 09:11:01,178 [main] INFO  o.s.b.a.e.w.s.WebMvcEndpointHandlerMapping 547 - Mapped "{[/actuator/heapdump],methods=[GET],produces=[application/octet-stream]}" onto public java.lang.Object org.springframework.boot.actuate.endpoint.web.servlet.AbstractWebMvcEndpointHandlerMapping$OperationHandler.handle(javax.servlet.http.HttpServletRequest,java.util.Map<java.lang.String, java.lang.String>)
2019-03-22 09:11:01,178 [main] INFO  o.s.b.a.e.w.s.WebMvcEndpointHandlerMapping 547 - Mapped "{[/actuator/threaddump],methods=[GET],produces=[application/vnd.spring-boot.actuator.v2+json || application/json]}" onto public java.lang.Object org.springframework.boot.actuate.endpoint.web.servlet.AbstractWebMvcEndpointHandlerMapping$OperationHandler.handle(javax.servlet.http.HttpServletRequest,java.util.Map<java.lang.String, java.lang.String>)
2019-03-22 09:11:01,178 [main] INFO  o.s.b.a.e.w.s.WebMvcEndpointHandlerMapping 547 - Mapped "{[/actuator/metrics],methods=[GET],produces=[application/vnd.spring-boot.actuator.v2+json || application/json]}" onto public java.lang.Object org.springframework.boot.actuate.endpoint.web.servlet.AbstractWebMvcEndpointHandlerMapping$OperationHandler.handle(javax.servlet.http.HttpServletRequest,java.util.Map<java.lang.String, java.lang.String>)
2019-03-22 09:11:01,178 [main] INFO  o.s.b.a.e.w.s.WebMvcEndpointHandlerMapping 547 - Mapped "{[/actuator/metrics/{requiredMetricName}],methods=[GET],produces=[application/vnd.spring-boot.actuator.v2+json || application/json]}" onto public java.lang.Object org.springframework.boot.actuate.endpoint.web.servlet.AbstractWebMvcEndpointHandlerMapping$OperationHandler.handle(javax.servlet.http.HttpServletRequest,java.util.Map<java.lang.String, java.lang.String>)
2019-03-22 09:11:01,178 [main] INFO  o.s.b.a.e.w.s.WebMvcEndpointHandlerMapping 547 - Mapped "{[/actuator/scheduledtasks],methods=[GET],produces=[application/vnd.spring-boot.actuator.v2+json || application/json]}" onto public java.lang.Object org.springframework.boot.actuate.endpoint.web.servlet.AbstractWebMvcEndpointHandlerMapping$OperationHandler.handle(javax.servlet.http.HttpServletRequest,java.util.Map<java.lang.String, java.lang.String>)
2019-03-22 09:11:01,178 [main] INFO  o.s.b.a.e.w.s.WebMvcEndpointHandlerMapping 547 - Mapped "{[/actuator/httptrace],methods=[GET],produces=[application/vnd.spring-boot.actuator.v2+json || application/json]}" onto public java.lang.Object org.springframework.boot.actuate.endpoint.web.servlet.AbstractWebMvcEndpointHandlerMapping$OperationHandler.handle(javax.servlet.http.HttpServletRequest,java.util.Map<java.lang.String, java.lang.String>)
2019-03-22 09:11:01,178 [main] INFO  o.s.b.a.e.w.s.WebMvcEndpointHandlerMapping 547 - Mapped "{[/actuator/mappings],methods=[GET],produces=[application/vnd.spring-boot.actuator.v2+json || application/json]}" onto public java.lang.Object org.springframework.boot.actuate.endpoint.web.servlet.AbstractWebMvcEndpointHandlerMapping$OperationHandler.handle(javax.servlet.http.HttpServletRequest,java.util.Map<java.lang.String, java.lang.String>)
2019-03-22 09:11:01,178 [main] INFO  o.s.b.a.e.w.s.WebMvcEndpointHandlerMapping 547 - Mapped "{[/actuator],methods=[GET],produces=[application/vnd.spring-boot.actuator.v2+json || application/json]}" onto protected java.util.Map<java.lang.String, java.util.Map<java.lang.String, org.springframework.boot.actuate.endpoint.web.Link>> org.springframework.boot.actuate.endpoint.web.servlet.WebMvcEndpointHandlerMapping.links(javax.servlet.http.HttpServletRequest,javax.servlet.http.HttpServletResponse)
2019-03-22 09:11:01,194 [main] INFO  o.s.w.s.m.m.a.RequestMappingHandlerMapping 547 - Mapped "{[/error]}" onto public java.util.Map<java.lang.String, java.lang.Object> org.springframework.boot.actuate.autoconfigure.web.servlet.ManagementErrorEndpoint.invoke(org.springframework.web.context.request.ServletWebRequest)
2019-03-22 09:11:01,194 [main] INFO  o.s.w.s.h.SimpleUrlHandlerMapping 373 - Mapped URL path [/webjars/**] onto handler of type [class org.springframework.web.servlet.resource.ResourceHttpRequestHandler]
2019-03-22 09:11:01,194 [main] INFO  o.s.w.s.h.SimpleUrlHandlerMapping 373 - Mapped URL path [/**] onto handler of type [class org.springframework.web.servlet.resource.ResourceHttpRequestHandler]
2019-03-22 09:11:01,210 [main] INFO  o.s.w.s.m.m.a.RequestMappingHandlerAdapter 574 - Looking for @ControllerAdvice: org.springframework.boot.web.servlet.context.AnnotationConfigServletWebServerApplicationContext@5aa7cfdf: startup date [Fri Mar 22 09:11:01 CST 2019]; parent: org.springframework.boot.web.servlet.context.AnnotationConfigServletWebServerApplicationContext@183e8023
2019-03-22 09:11:01,241 [main] INFO  o.a.coyote.http11.Http11NioProtocol 180 - Starting ProtocolHandler ["http-nio-10212"]
2019-03-22 09:11:01,256 [main] INFO  o.a.tomcat.util.net.NioSelectorPool 180 - Using a shared selector for servlet write/read
2019-03-22 09:11:01,256 [main] INFO  o.s.b.w.e.tomcat.TomcatWebServer 206 - Tomcat started on port(s): 10212 (http) with context path ''
2019-03-22 09:11:01,272 [main] INFO  o.s.c.s.DefaultLifecycleProcessor 351 - Starting beans in phase 2147483647
2019-03-22 09:11:01,272 [main] INFO  s.d.s.w.p.DocumentationPluginsBootstrapper 151 - Context refreshed
2019-03-22 09:11:01,272 [main] INFO  s.d.s.w.p.DocumentationPluginsBootstrapper 154 - Found 1 custom documentation plugin(s)
2019-03-22 09:11:01,303 [main] INFO  s.d.s.w.s.ApiListingReferenceScanner 41 - Scanning for api listing references
2019-03-22 09:11:01,366 [main] INFO  o.a.coyote.http11.Http11NioProtocol 180 - Starting ProtocolHandler ["http-nio-8080"]
2019-03-22 09:11:01,366 [main] INFO  o.a.tomcat.util.net.NioSelectorPool 180 - Using a shared selector for servlet write/read
2019-03-22 09:11:01,381 [main] INFO  o.s.b.w.e.tomcat.TomcatWebServer 206 - Tomcat started on port(s): 8080 (http) with context path ''
2019-03-22 09:11:01,381 [main] INFO  com.oscroll.Application 59 - Started Application in 3.139 seconds (JVM running for 4.382)
2019-03-22 09:11:01,584 [RMI TCP Connection(1)-10.41.3.143] INFO  com.zaxxer.hikari.HikariDataSource 110 - HikariPool-1 - Starting...
2019-03-22 09:11:01,678 [RMI TCP Connection(3)-10.41.3.143] INFO  o.a.c.c.C.[Tomcat].[localhost].[/] 180 - Initializing Spring FrameworkServlet 'dispatcherServlet'
2019-03-22 09:11:01,678 [RMI TCP Connection(3)-10.41.3.143] INFO  o.s.web.servlet.DispatcherServlet 494 - FrameworkServlet 'dispatcherServlet': initialization started
2019-03-22 09:11:01,678 [RMI TCP Connection(3)-10.41.3.143] INFO  o.s.web.servlet.DispatcherServlet 509 - FrameworkServlet 'dispatcherServlet': initialization completed in 0 ms
2019-03-22 09:11:03,818 [RMI TCP Connection(1)-10.41.3.143] INFO  com.zaxxer.hikari.HikariDataSource 123 - HikariPool-1 - Start completed.
